[08:37:12] [ServerMain/INFO]: Environment: Environment[accountsHost=https://api.mojang.com, sessionHost=https://sessionserver.mojang.com, servicesHost=https://api.minecraftservices.com, name=PROD]
[08:37:12] [ServerMain/INFO]: Found new data pack file/bukkit, loading it automatically
[08:37:15] [ServerMain/INFO]: Loaded 7 recipes
[08:37:16] [Server thread/INFO]: Starting minecraft server version 1.20.2
[08:37:16] [Server thread/INFO]: Loading properties
[08:37:16] [Server thread/INFO]: This server is running CraftBukkit version 3919-Spigot-dba3cdc-e42510b (MC: 1.20.2) (Implementing API version 1.20.2-R0.1-SNAPSHOT)
[08:37:17] [Server thread/INFO]: Server Ping Player Sample Count: 12
[08:37:17] [Server thread/INFO]: Using 4 threads for Netty based IO
[08:37:17] [Server thread/INFO]: Debug logging is disabled
[08:37:18] [Server thread/INFO]: Default game type: SURVIVAL
[08:37:18] [Server thread/INFO]: Generating keypair
[08:37:18] [Server thread/INFO]: Starting Minecraft server on *:25565
[08:37:18] [Server thread/INFO]: Using epoll channel type
[08:37:18] [Server thread/ERROR]: Could not load 'plugins/via.jar' in folder 'plugins'
org.bukkit.plugin.InvalidDescriptionException: Invalid plugin.yml
	at org.bukkit.plugin.java.JavaPluginLoader.getPluginDescription(JavaPluginLoader.java:170) ~[spigot-api-1.20.2-R0.1-SNAPSHOT.jar:?]
	at org.bukkit.plugin.SimplePluginManager.loadPlugins(SimplePluginManager.java:144) ~[spigot-api-1.20.2-R0.1-SNAPSHOT.jar:?]
	at org.bukkit.craftbukkit.v1_20_R2.CraftServer.loadPlugins(CraftServer.java:437) ~[spigot-1.20.2-R0.1-SNAPSHOT.jar:3919-Spigot-dba3cdc-e42510b]
	at net.minecraft.server.dedicated.DedicatedServer.e(DedicatedServer.java:219) ~[spigot-1.20.2-R0.1-SNAPSHOT.jar:3919-Spigot-dba3cdc-e42510b]
	at net.minecraft.server.MinecraftServer.w(MinecraftServer.java:954) ~[spigot-1.20.2-R0.1-SNAPSHOT.jar:3919-Spigot-dba3cdc-e42510b]
	at net.minecraft.server.MinecraftServer.lambda$0(MinecraftServer.java:298) ~[spigot-1.20.2-R0.1-SNAPSHOT.jar:3919-Spigot-dba3cdc-e42510b]
	at java.lang.Thread.run(Thread.java:1583) ~[?:?]
Caused by: java.io.FileNotFoundException: Jar does not contain plugin.yml
	... 7 more
[08:37:19] [Server thread/INFO]: [ViaVersion] Loading ViaVersion v4.8.1
[08:37:19] [Server thread/INFO]: [ViaVersion] ViaVersion 4.8.1 is now loaded. Registering protocol transformers and injecting...
[08:37:19] [Via-Mappingloader-0/INFO]: [ViaVersion] Loading block connection mappings ...
[08:37:20] [Server thread/INFO]: [ViaBackwards] Loading translations...
[08:37:20] [Via-Mappingloader-0/INFO]: [ViaVersion] Using FastUtil Long2ObjectOpenHashMap for block connections
[08:37:20] [Server thread/INFO]: [ViaBackwards] Registering protocols...
[08:37:20] [Server thread/INFO]: [ViaBackwards] Loading ViaBackwards v4.8.1
[08:37:20] [Server thread/WARN]: **** SERVER IS RUNNING IN OFFLINE/INSECURE MODE!
[08:37:20] [Server thread/WARN]: The server will make no attempt to authenticate usernames. Beware.
[08:37:20] [Server thread/WARN]: While this makes the game possible to play without internet access, it also opens up the ability for hackers to connect with any username they choose.
[08:37:20] [Server thread/WARN]: To change this, set "online-mode" to "true" in the server.properties file.
[08:37:20] [Server thread/INFO]: Preparing level "world"
[08:37:20] [Server thread/INFO]: -------- World Settings For [world] --------
[08:37:20] [Server thread/INFO]: View Distance: 10
[08:37:20] [Server thread/INFO]: Simulation Distance: 10
[08:37:20] [Server thread/INFO]: Item Despawn Rate: 6000
[08:37:20] [Server thread/INFO]: Item Merge Radius: 2.5
[08:37:20] [Server thread/INFO]: Allow Zombie Pigmen to spawn from portal blocks: true
[08:37:20] [Server thread/INFO]: Arrow Despawn Rate: 1200 Trident Respawn Rate:1200
[08:37:20] [Server thread/INFO]: Zombie Aggressive Towards Villager: true
[08:37:20] [Server thread/INFO]: Nerfing mobs spawned from spawners: false
[08:37:20] [Server thread/INFO]: Experience Merge Radius: 3.0
[08:37:20] [Server thread/INFO]: Mob Spawn Range: 6
[08:37:20] [Server thread/INFO]: Custom Map Seeds:  Village: 10387312 Desert: 14357617 Igloo: 14357618 Jungle: 14357619 Swamp: 14357620 Monument: 10387313 Ocean: 14357621 Shipwreck: 165745295 End City: 10387313 Slime: 987234911 Nether: 30084232 Mansion: 10387319 Fossil: 14357921 Portal: 34222645
[08:37:20] [Server thread/INFO]: Max TNT Explosions: 100
[08:37:20] [Server thread/INFO]: Tile Max Tick Time: 50ms Entity max Tick Time: 50ms
[08:37:20] [Server thread/INFO]: Cactus Growth Modifier: 100%
[08:37:20] [Server thread/INFO]: Cane Growth Modifier: 100%
[08:37:20] [Server thread/INFO]: Melon Growth Modifier: 100%
[08:37:20] [Server thread/INFO]: Mushroom Growth Modifier: 100%
[08:37:20] [Server thread/INFO]: Pumpkin Growth Modifier: 100%
[08:37:20] [Server thread/INFO]: Sapling Growth Modifier: 100%
[08:37:20] [Server thread/INFO]: Beetroot Growth Modifier: 100%
[08:37:20] [Server thread/INFO]: Carrot Growth Modifier: 100%
[08:37:20] [Server thread/INFO]: Potato Growth Modifier: 100%
[08:37:20] [Server thread/INFO]: Wheat Growth Modifier: 100%
[08:37:20] [Server thread/INFO]: NetherWart Growth Modifier: 100%
[08:37:20] [Server thread/INFO]: Vine Growth Modifier: 100%
[08:37:20] [Server thread/INFO]: Cocoa Growth Modifier: 100%
[08:37:20] [Server thread/INFO]: Bamboo Growth Modifier: 100%
[08:37:20] [Server thread/INFO]: SweetBerry Growth Modifier: 100%
[08:37:20] [Server thread/INFO]: Kelp Growth Modifier: 100%
[08:37:20] [Server thread/INFO]: TwistingVines Growth Modifier: 100%
[08:37:20] [Server thread/INFO]: WeepingVines Growth Modifier: 100%
[08:37:20] [Server thread/INFO]: CaveVines Growth Modifier: 100%
[08:37:20] [Server thread/INFO]: Entity Activation Range: An 32 / Mo 32 / Ra 48 / Mi 16 / Tiv true / Isa false
[08:37:20] [Server thread/INFO]: Entity Tracking Range: Pl 48 / An 48 / Mo 48 / Mi 32 / Di 128 / Other 64
[08:37:20] [Server thread/INFO]: Hopper Transfer: 8 Hopper Check: 1 Hopper Amount: 1 Hopper Can Load Chunks: false
[08:37:36] [Server thread/INFO]: -------- World Settings For [world_nether] --------
[08:37:36] [Server thread/INFO]: View Distance: 10
[08:37:36] [Server thread/INFO]: Simulation Distance: 10
[08:37:36] [Server thread/INFO]: Item Despawn Rate: 6000
[08:37:36] [Server thread/INFO]: Item Merge Radius: 2.5
[08:37:36] [Server thread/INFO]: Allow Zombie Pigmen to spawn from portal blocks: true
[08:37:36] [Server thread/INFO]: Arrow Despawn Rate: 1200 Trident Respawn Rate:1200
[08:37:36] [Server thread/INFO]: Zombie Aggressive Towards Villager: true
[08:37:36] [Server thread/INFO]: Nerfing mobs spawned from spawners: false
[08:37:36] [Server thread/INFO]: Experience Merge Radius: 3.0
[08:37:36] [Server thread/INFO]: Mob Spawn Range: 6
[08:37:36] [Server thread/INFO]: Custom Map Seeds:  Village: 10387312 Desert: 14357617 Igloo: 14357618 Jungle: 14357619 Swamp: 14357620 Monument: 10387313 Ocean: 14357621 Shipwreck: 165745295 End City: 10387313 Slime: 987234911 Nether: 30084232 Mansion: 10387319 Fossil: 14357921 Portal: 34222645
[08:37:36] [Server thread/INFO]: Max TNT Explosions: 100
[08:37:36] [Server thread/INFO]: Tile Max Tick Time: 50ms Entity max Tick Time: 50ms
[08:37:36] [Server thread/INFO]: Cactus Growth Modifier: 100%
[08:37:36] [Server thread/INFO]: Cane Growth Modifier: 100%
[08:37:36] [Server thread/INFO]: Melon Growth Modifier: 100%
[08:37:36] [Server thread/INFO]: Mushroom Growth Modifier: 100%
[08:37:36] [Server thread/INFO]: Pumpkin Growth Modifier: 100%
[08:37:36] [Server thread/INFO]: Sapling Growth Modifier: 100%
[08:37:36] [Server thread/INFO]: Beetroot Growth Modifier: 100%
[08:37:36] [Server thread/INFO]: Carrot Growth Modifier: 100%
[08:37:36] [Server thread/INFO]: Potato Growth Modifier: 100%
[08:37:36] [Server thread/INFO]: Wheat Growth Modifier: 100%
[08:37:36] [Server thread/INFO]: NetherWart Growth Modifier: 100%
[08:37:36] [Server thread/INFO]: Vine Growth Modifier: 100%
[08:37:36] [Server thread/INFO]: Cocoa Growth Modifier: 100%
[08:37:36] [Server thread/INFO]: Bamboo Growth Modifier: 100%
[08:37:36] [Server thread/INFO]: SweetBerry Growth Modifier: 100%
[08:37:36] [Server thread/INFO]: Kelp Growth Modifier: 100%
[08:37:36] [Server thread/INFO]: TwistingVines Growth Modifier: 100%
[08:37:36] [Server thread/INFO]: WeepingVines Growth Modifier: 100%
[08:37:36] [Server thread/INFO]: CaveVines Growth Modifier: 100%
[08:37:36] [Server thread/INFO]: Entity Activation Range: An 32 / Mo 32 / Ra 48 / Mi 16 / Tiv true / Isa false
[08:37:36] [Server thread/INFO]: Entity Tracking Range: Pl 48 / An 48 / Mo 48 / Mi 32 / Di 128 / Other 64
[08:37:36] [Server thread/INFO]: Hopper Transfer: 8 Hopper Check: 1 Hopper Amount: 1 Hopper Can Load Chunks: false
[08:37:39] [Server thread/INFO]: -------- World Settings For [world_the_end] --------
[08:37:39] [Server thread/INFO]: View Distance: 10
[08:37:39] [Server thread/INFO]: Simulation Distance: 10
[08:37:39] [Server thread/INFO]: Item Despawn Rate: 6000
[08:37:39] [Server thread/INFO]: Item Merge Radius: 2.5
[08:37:39] [Server thread/INFO]: Allow Zombie Pigmen to spawn from portal blocks: true
[08:37:39] [Server thread/INFO]: Arrow Despawn Rate: 1200 Trident Respawn Rate:1200
[08:37:39] [Server thread/INFO]: Zombie Aggressive Towards Villager: true
[08:37:39] [Server thread/INFO]: Nerfing mobs spawned from spawners: false
[08:37:39] [Server thread/INFO]: Experience Merge Radius: 3.0
[08:37:39] [Server thread/INFO]: Mob Spawn Range: 6
[08:37:39] [Server thread/INFO]: Custom Map Seeds:  Village: 10387312 Desert: 14357617 Igloo: 14357618 Jungle: 14357619 Swamp: 14357620 Monument: 10387313 Ocean: 14357621 Shipwreck: 165745295 End City: 10387313 Slime: 987234911 Nether: 30084232 Mansion: 10387319 Fossil: 14357921 Portal: 34222645
[08:37:39] [Server thread/INFO]: Max TNT Explosions: 100
[08:37:39] [Server thread/INFO]: Tile Max Tick Time: 50ms Entity max Tick Time: 50ms
[08:37:39] [Server thread/INFO]: Cactus Growth Modifier: 100%
[08:37:39] [Server thread/INFO]: Cane Growth Modifier: 100%
[08:37:39] [Server thread/INFO]: Melon Growth Modifier: 100%
[08:37:39] [Server thread/INFO]: Mushroom Growth Modifier: 100%
[08:37:39] [Server thread/INFO]: Pumpkin Growth Modifier: 100%
[08:37:39] [Server thread/INFO]: Sapling Growth Modifier: 100%
[08:37:39] [Server thread/INFO]: Beetroot Growth Modifier: 100%
[08:37:39] [Server thread/INFO]: Carrot Growth Modifier: 100%
[08:37:39] [Server thread/INFO]: Potato Growth Modifier: 100%
[08:37:39] [Server thread/INFO]: Wheat Growth Modifier: 100%
[08:37:39] [Server thread/INFO]: NetherWart Growth Modifier: 100%
[08:37:39] [Server thread/INFO]: Vine Growth Modifier: 100%
[08:37:39] [Server thread/INFO]: Cocoa Growth Modifier: 100%
[08:37:39] [Server thread/INFO]: Bamboo Growth Modifier: 100%
[08:37:39] [Server thread/INFO]: SweetBerry Growth Modifier: 100%
[08:37:39] [Server thread/INFO]: Kelp Growth Modifier: 100%
[08:37:39] [Server thread/INFO]: TwistingVines Growth Modifier: 100%
[08:37:39] [Server thread/INFO]: WeepingVines Growth Modifier: 100%
[08:37:39] [Server thread/INFO]: CaveVines Growth Modifier: 100%
[08:37:39] [Server thread/INFO]: Entity Activation Range: An 32 / Mo 32 / Ra 48 / Mi 16 / Tiv true / Isa false
[08:37:39] [Server thread/INFO]: Entity Tracking Range: Pl 48 / An 48 / Mo 48 / Mi 32 / Di 128 / Other 64
[08:37:39] [Server thread/INFO]: Hopper Transfer: 8 Hopper Check: 1 Hopper Amount: 1 Hopper Can Load Chunks: false
[08:37:40] [Server thread/INFO]: Preparing start region for dimension minecraft:overworld
[08:37:42] [Worker-Main-5/INFO]: Preparing spawn area: 0%
[08:37:42] [Worker-Main-5/INFO]: Preparing spawn area: 0%
[08:37:42] [Worker-Main-5/INFO]: Preparing spawn area: 0%
[08:37:42] [Worker-Main-5/INFO]: Preparing spawn area: 0%
[08:37:42] [Worker-Main-5/INFO]: Preparing spawn area: 0%
[08:37:43] [Worker-Main-5/INFO]: Preparing spawn area: 0%
[08:37:43] [Worker-Main-5/INFO]: Preparing spawn area: 0%
[08:37:44] [Worker-Main-5/INFO]: Preparing spawn area: 0%
[08:37:44] [Worker-Main-5/INFO]: Preparing spawn area: 0%
[08:37:45] [Worker-Main-5/INFO]: Preparing spawn area: 0%
[08:37:45] [Worker-Main-5/INFO]: Preparing spawn area: 0%
[08:37:46] [Worker-Main-5/INFO]: Preparing spawn area: 0%
[08:37:46] [Worker-Main-5/INFO]: Preparing spawn area: 0%
[08:37:47] [Worker-Main-5/INFO]: Preparing spawn area: 0%
[08:37:47] [Worker-Main-5/INFO]: Preparing spawn area: 0%
[08:37:48] [Worker-Main-5/INFO]: Preparing spawn area: 0%
[08:37:48] [Worker-Main-5/INFO]: Preparing spawn area: 0%
[08:37:49] [Worker-Main-5/INFO]: Preparing spawn area: 0%
[08:37:49] [Worker-Main-5/INFO]: Preparing spawn area: 0%
[08:37:50] [Worker-Main-5/INFO]: Preparing spawn area: 0%
[08:37:50] [Worker-Main-5/INFO]: Preparing spawn area: 0%
[08:37:51] [Worker-Main-5/INFO]: Preparing spawn area: 0%
[08:37:51] [Worker-Main-5/INFO]: Preparing spawn area: 0%
[08:37:52] [Worker-Main-5/INFO]: Preparing spawn area: 0%
[08:37:52] [Worker-Main-5/INFO]: Preparing spawn area: 0%
[08:37:53] [Worker-Main-5/INFO]: Preparing spawn area: 0%
[08:37:53] [Worker-Main-5/INFO]: Preparing spawn area: 0%
[08:37:54] [Worker-Main-5/INFO]: Preparing spawn area: 0%
[08:37:54] [Worker-Main-5/INFO]: Preparing spawn area: 0%
[08:37:55] [Worker-Main-5/INFO]: Preparing spawn area: 0%
[08:37:55] [Worker-Main-5/INFO]: Preparing spawn area: 0%
[08:37:56] [Worker-Main-5/INFO]: Preparing spawn area: 0%
[08:37:56] [Worker-Main-5/INFO]: Preparing spawn area: 0%
[08:37:57] [Worker-Main-5/INFO]: Preparing spawn area: 0%
[08:37:57] [Worker-Main-5/INFO]: Preparing spawn area: 0%
[08:37:58] [Worker-Main-5/INFO]: Preparing spawn area: 0%
[08:37:58] [Worker-Main-5/INFO]: Preparing spawn area: 0%
[08:37:59] [Worker-Main-5/INFO]: Preparing spawn area: 0%
[08:37:59] [Worker-Main-5/INFO]: Preparing spawn area: 0%
[08:38:00] [Worker-Main-5/INFO]: Preparing spawn area: 0%
[08:38:00] [Worker-Main-5/INFO]: Preparing spawn area: 0%
[08:38:01] [Worker-Main-5/INFO]: Preparing spawn area: 0%
[08:38:01] [Worker-Main-5/INFO]: Preparing spawn area: 0%
[08:38:02] [Worker-Main-5/INFO]: Preparing spawn area: 0%
[08:38:02] [Worker-Main-5/INFO]: Preparing spawn area: 0%
[08:38:03] [Worker-Main-5/INFO]: Preparing spawn area: 0%
[08:38:03] [Worker-Main-5/INFO]: Preparing spawn area: 0%
[08:38:04] [Worker-Main-5/INFO]: Preparing spawn area: 0%
[08:38:04] [Worker-Main-5/INFO]: Preparing spawn area: 0%
[08:38:05] [Worker-Main-5/INFO]: Preparing spawn area: 0%
[08:38:05] [Worker-Main-5/INFO]: Preparing spawn area: 0%
[08:38:06] [Worker-Main-5/INFO]: Preparing spawn area: 0%
[08:38:06] [Worker-Main-5/INFO]: Preparing spawn area: 0%
[08:38:07] [Worker-Main-5/INFO]: Preparing spawn area: 0%
[08:38:07] [Worker-Main-5/INFO]: Preparing spawn area: 0%
[08:38:08] [Worker-Main-5/INFO]: Preparing spawn area: 0%
[08:38:08] [Worker-Main-5/INFO]: Preparing spawn area: 0%
[08:38:09] [Worker-Main-5/INFO]: Preparing spawn area: 0%
[08:38:09] [Worker-Main-5/INFO]: Preparing spawn area: 0%
[08:38:10] [Worker-Main-5/INFO]: Preparing spawn area: 0%
[08:38:10] [Worker-Main-5/INFO]: Preparing spawn area: 0%
[08:38:11] [Worker-Main-5/INFO]: Preparing spawn area: 0%
[08:38:11] [Worker-Main-5/INFO]: Preparing spawn area: 0%
[08:38:12] [Worker-Main-5/INFO]: Preparing spawn area: 0%
[08:38:12] [Worker-Main-5/INFO]: Preparing spawn area: 0%
[08:38:13] [Worker-Main-5/INFO]: Preparing spawn area: 0%
[08:38:13] [Worker-Main-5/INFO]: Preparing spawn area: 0%
[08:38:14] [Worker-Main-5/INFO]: Preparing spawn area: 0%
[08:38:14] [Worker-Main-5/INFO]: Preparing spawn area: 0%
[08:38:15] [Worker-Main-5/INFO]: Preparing spawn area: 0%
[08:38:15] [Worker-Main-5/INFO]: Preparing spawn area: 0%
[08:38:16] [Worker-Main-5/INFO]: Preparing spawn area: 0%
[08:38:16] [Worker-Main-5/INFO]: Preparing spawn area: 0%
[08:38:17] [Worker-Main-5/INFO]: Preparing spawn area: 0%
[08:38:17] [Worker-Main-5/INFO]: Preparing spawn area: 0%
[08:38:18] [Worker-Main-5/INFO]: Preparing spawn area: 0%
[08:38:18] [Worker-Main-5/INFO]: Preparing spawn area: 0%
[08:38:19] [Worker-Main-5/INFO]: Preparing spawn area: 0%
[08:38:19] [Worker-Main-5/INFO]: Preparing spawn area: 0%
[08:38:20] [Worker-Main-5/INFO]: Preparing spawn area: 0%
[08:38:20] [Worker-Main-5/INFO]: Preparing spawn area: 0%
[08:38:21] [Worker-Main-5/INFO]: Preparing spawn area: 0%
[08:38:21] [Worker-Main-5/INFO]: Preparing spawn area: 0%
[08:38:22] [Worker-Main-5/INFO]: Preparing spawn area: 0%
[08:38:22] [Worker-Main-5/INFO]: Preparing spawn area: 0%
[08:38:23] [Worker-Main-5/INFO]: Preparing spawn area: 0%
[08:38:23] [Worker-Main-5/INFO]: Preparing spawn area: 0%
[08:38:24] [Worker-Main-5/INFO]: Preparing spawn area: 0%
[08:38:24] [Worker-Main-5/INFO]: Preparing spawn area: 0%
[08:38:25] [Worker-Main-5/INFO]: Preparing spawn area: 0%
[08:38:25] [Worker-Main-5/INFO]: Preparing spawn area: 0%
[08:38:26] [Worker-Main-5/INFO]: Preparing spawn area: 0%
[08:38:26] [Worker-Main-5/INFO]: Preparing spawn area: 0%
[08:38:27] [Worker-Main-5/INFO]: Preparing spawn area: 0%
[08:38:27] [Worker-Main-5/INFO]: Preparing spawn area: 0%
[08:38:28] [Worker-Main-5/INFO]: Preparing spawn area: 0%
[08:38:28] [Worker-Main-5/INFO]: Preparing spawn area: 0%
[08:38:29] [Worker-Main-5/INFO]: Preparing spawn area: 0%
[08:38:29] [Worker-Main-5/INFO]: Preparing spawn area: 0%
[08:38:30] [Worker-Main-5/INFO]: Preparing spawn area: 0%
[08:38:30] [Worker-Main-5/INFO]: Preparing spawn area: 0%
[08:38:31] [Worker-Main-5/INFO]: Preparing spawn area: 0%
[08:38:31] [Worker-Main-5/INFO]: Preparing spawn area: 0%
[08:38:32] [Worker-Main-5/INFO]: Preparing spawn area: 0%
[08:38:32] [Worker-Main-5/INFO]: Preparing spawn area: 0%
[08:38:33] [Worker-Main-5/INFO]: Preparing spawn area: 0%
[08:38:33] [Worker-Main-5/INFO]: Preparing spawn area: 0%
[08:38:34] [Worker-Main-5/INFO]: Preparing spawn area: 0%
[08:38:34] [Worker-Main-5/INFO]: Preparing spawn area: 0%
[08:38:35] [Worker-Main-5/INFO]: Preparing spawn area: 0%
[08:38:35] [Worker-Main-5/INFO]: Preparing spawn area: 0%
[08:38:36] [Worker-Main-5/INFO]: Preparing spawn area: 0%
[08:38:36] [Worker-Main-5/INFO]: Preparing spawn area: 0%
[08:38:37] [Worker-Main-5/INFO]: Preparing spawn area: 0%
[08:38:37] [Worker-Main-1/INFO]: Preparing spawn area: 0%
[08:38:38] [Worker-Main-5/INFO]: Preparing spawn area: 1%
[08:38:39] [Worker-Main-5/INFO]: Preparing spawn area: 4%
[08:38:39] [Worker-Main-5/INFO]: Preparing spawn area: 4%
[08:38:39] [Worker-Main-5/INFO]: Preparing spawn area: 74%
[08:38:40] [Worker-Main-5/INFO]: Preparing spawn area: 75%
[08:38:40] [Worker-Main-5/INFO]: Preparing spawn area: 77%
[08:38:41] [Worker-Main-5/INFO]: Preparing spawn area: 79%
[08:38:41] [Worker-Main-5/INFO]: Preparing spawn area: 80%
[08:38:42] [Worker-Main-5/INFO]: Preparing spawn area: 80%
[08:38:42] [Worker-Main-5/INFO]: Preparing spawn area: 80%
[08:38:43] [Worker-Main-5/INFO]: Preparing spawn area: 80%
[08:38:43] [Worker-Main-5/INFO]: Preparing spawn area: 80%
[08:38:44] [Worker-Main-5/INFO]: Preparing spawn area: 80%
[08:38:44] [Worker-Main-5/INFO]: Preparing spawn area: 81%
[08:38:45] [Worker-Main-5/INFO]: Preparing spawn area: 82%
[08:38:45] [Worker-Main-5/INFO]: Preparing spawn area: 83%
[08:38:46] [Worker-Main-5/INFO]: Preparing spawn area: 84%
[08:38:46] [Worker-Main-5/INFO]: Preparing spawn area: 84%
[08:38:47] [Worker-Main-5/INFO]: Preparing spawn area: 85%
[08:38:47] [Worker-Main-5/INFO]: Preparing spawn area: 86%
[08:38:48] [Worker-Main-5/INFO]: Preparing spawn area: 88%
[08:38:48] [Worker-Main-5/INFO]: Preparing spawn area: 89%
[08:38:49] [Worker-Main-5/INFO]: Preparing spawn area: 90%
[08:38:49] [Worker-Main-5/INFO]: Preparing spawn area: 91%
[08:38:50] [Worker-Main-5/INFO]: Preparing spawn area: 92%
[08:38:50] [Worker-Main-5/INFO]: Preparing spawn area: 93%
[08:38:51] [Worker-Main-5/INFO]: Preparing spawn area: 95%
[08:38:51] [Worker-Main-5/INFO]: Preparing spawn area: 96%
[08:38:52] [Worker-Main-5/INFO]: Preparing spawn area: 97%
[08:38:52] [Worker-Main-5/INFO]: Preparing spawn area: 97%
[08:38:53] [Worker-Main-5/INFO]: Preparing spawn area: 98%
[08:38:53] [Server thread/INFO]: Time elapsed: 72896 ms
[08:38:53] [Server thread/INFO]: Preparing start region for dimension minecraft:the_nether
[08:38:54] [Worker-Main-5/INFO]: Preparing spawn area: 0%
[08:38:54] [Worker-Main-5/INFO]: Preparing spawn area: 0%
[08:38:54] [Worker-Main-5/INFO]: Preparing spawn area: 0%
[08:38:55] [Worker-Main-5/INFO]: Preparing spawn area: 0%
[08:38:55] [Worker-Main-5/INFO]: Preparing spawn area: 0%
[08:38:56] [Worker-Main-5/INFO]: Preparing spawn area: 0%
[08:38:56] [Worker-Main-5/INFO]: Preparing spawn area: 0%
[08:38:57] [Worker-Main-5/INFO]: Preparing spawn area: 0%
[08:38:57] [Worker-Main-5/INFO]: Preparing spawn area: 0%
[08:38:58] [Worker-Main-5/INFO]: Preparing spawn area: 0%
[08:38:58] [Worker-Main-5/INFO]: Preparing spawn area: 0%
[08:38:59] [Worker-Main-5/INFO]: Preparing spawn area: 0%
[08:38:59] [Worker-Main-5/INFO]: Preparing spawn area: 0%
[08:39:00] [Worker-Main-5/INFO]: Preparing spawn area: 0%
[08:39:00] [Worker-Main-5/INFO]: Preparing spawn area: 0%
[08:39:01] [Worker-Main-5/INFO]: Preparing spawn area: 0%
[08:39:01] [Worker-Main-5/INFO]: Preparing spawn area: 0%
[08:39:02] [Worker-Main-5/INFO]: Preparing spawn area: 0%
[08:39:02] [Worker-Main-5/INFO]: Preparing spawn area: 0%
[08:39:03] [Worker-Main-5/INFO]: Preparing spawn area: 0%
[08:39:03] [Worker-Main-5/INFO]: Preparing spawn area: 0%
[08:39:04] [Worker-Main-5/INFO]: Preparing spawn area: 0%
[08:39:04] [Worker-Main-5/INFO]: Preparing spawn area: 0%
[08:39:05] [Worker-Main-5/INFO]: Preparing spawn area: 0%
[08:39:05] [Worker-Main-5/INFO]: Preparing spawn area: 0%
[08:39:06] [Worker-Main-5/INFO]: Preparing spawn area: 0%
[08:39:06] [Worker-Main-5/INFO]: Preparing spawn area: 0%
[08:39:07] [Worker-Main-5/INFO]: Preparing spawn area: 0%
[08:39:07] [Worker-Main-5/INFO]: Preparing spawn area: 0%
[08:39:08] [Worker-Main-5/INFO]: Preparing spawn area: 0%
[08:39:08] [Worker-Main-5/INFO]: Preparing spawn area: 0%
[08:39:09] [Worker-Main-5/INFO]: Preparing spawn area: 0%
[08:39:09] [Worker-Main-5/INFO]: Preparing spawn area: 0%
[08:39:10] [Worker-Main-5/INFO]: Preparing spawn area: 0%
[08:39:10] [Worker-Main-5/INFO]: Preparing spawn area: 0%
[08:39:11] [Worker-Main-5/INFO]: Preparing spawn area: 0%
[08:39:11] [Worker-Main-5/INFO]: Preparing spawn area: 0%
[08:39:12] [Worker-Main-5/INFO]: Preparing spawn area: 0%
[08:39:12] [Worker-Main-5/INFO]: Preparing spawn area: 0%
[08:39:13] [Worker-Main-5/INFO]: Preparing spawn area: 0%
[08:39:13] [Worker-Main-5/INFO]: Preparing spawn area: 0%
[08:39:14] [Worker-Main-5/INFO]: Preparing spawn area: 0%
[08:39:14] [Worker-Main-5/INFO]: Preparing spawn area: 0%
[08:39:15] [Worker-Main-5/INFO]: Preparing spawn area: 0%
[08:39:15] [Worker-Main-5/INFO]: Preparing spawn area: 0%
[08:39:16] [Worker-Main-5/INFO]: Preparing spawn area: 0%
[08:39:16] [Worker-Main-5/INFO]: Preparing spawn area: 0%
[08:39:17] [Worker-Main-5/INFO]: Preparing spawn area: 0%
[08:39:17] [Worker-Main-5/INFO]: Preparing spawn area: 0%
[08:39:18] [Worker-Main-5/INFO]: Preparing spawn area: 0%
[08:39:18] [Worker-Main-5/INFO]: Preparing spawn area: 0%
[08:39:19] [Worker-Main-5/INFO]: Preparing spawn area: 0%
[08:39:19] [Worker-Main-5/INFO]: Preparing spawn area: 0%
[08:39:20] [Worker-Main-5/INFO]: Preparing spawn area: 0%
[08:39:20] [Worker-Main-5/INFO]: Preparing spawn area: 0%
[08:39:21] [Worker-Main-5/INFO]: Preparing spawn area: 0%
[08:39:21] [Worker-Main-5/INFO]: Preparing spawn area: 0%
[08:39:22] [Worker-Main-5/INFO]: Preparing spawn area: 25%
[08:39:22] [Worker-Main-5/INFO]: Preparing spawn area: 31%
[08:39:22] [Server thread/INFO]: Time elapsed: 29217 ms
[08:39:22] [Server thread/INFO]: Preparing start region for dimension minecraft:the_end
[08:39:23] [Worker-Main-1/INFO]: Preparing spawn area: 0%
[08:39:23] [Worker-Main-1/INFO]: Preparing spawn area: 0%
[08:39:23] [Worker-Main-1/INFO]: Preparing spawn area: 0%
[08:39:24] [Worker-Main-1/INFO]: Preparing spawn area: 0%
[08:39:24] [Worker-Main-1/INFO]: Preparing spawn area: 0%
[08:39:25] [Worker-Main-1/INFO]: Preparing spawn area: 0%
[08:39:25] [Worker-Main-1/INFO]: Preparing spawn area: 0%
[08:39:26] [Worker-Main-1/INFO]: Preparing spawn area: 0%
[08:39:26] [Server thread/INFO]: Time elapsed: 3839 ms
[08:39:26] [Server thread/INFO]: [ViaVersion] Enabling ViaVersion v4.8.1
[08:39:26] [Server thread/WARN]: [ViaVersion] Couldn't find reflection methods/fields to access Channel from player.
Login race condition fixer will be disabled.
 Some plugins that use ViaAPI on join event may work incorrectly.
java.lang.NoSuchFieldException: NetworkManager
	at com.viaversion.viaversion.bukkit.listeners.JoinListener.findField(JoinListener.java:80) ~[?:?]
	at com.viaversion.viaversion.bukkit.listeners.JoinListener.<clinit>(JoinListener.java:50) ~[?:?]
	at com.viaversion.viaversion.ViaVersionPlugin.onEnable(ViaVersionPlugin.java:109) ~[?:?]
	at org.bukkit.plugin.java.JavaPlugin.setEnabled(JavaPlugin.java:266) ~[spigot-api-1.20.2-R0.1-SNAPSHOT.jar:?]
	at org.bukkit.plugin.java.JavaPluginLoader.enablePlugin(JavaPluginLoader.java:342) ~[spigot-api-1.20.2-R0.1-SNAPSHOT.jar:?]
	at org.bukkit.plugin.SimplePluginManager.enablePlugin(SimplePluginManager.java:480) ~[spigot-api-1.20.2-R0.1-SNAPSHOT.jar:?]
	at org.bukkit.craftbukkit.v1_20_R2.CraftServer.enablePlugin(CraftServer.java:548) ~[spigot-1.20.2-R0.1-SNAPSHOT.jar:3919-Spigot-dba3cdc-e42510b]
	at org.bukkit.craftbukkit.v1_20_R2.CraftServer.enablePlugins(CraftServer.java:462) ~[spigot-1.20.2-R0.1-SNAPSHOT.jar:3919-Spigot-dba3cdc-e42510b]
	at net.minecraft.server.MinecraftServer.loadWorld0(MinecraftServer.java:577) ~[spigot-1.20.2-R0.1-SNAPSHOT.jar:3919-Spigot-dba3cdc-e42510b]
	at net.minecraft.server.MinecraftServer.loadLevel(MinecraftServer.java:400) ~[spigot-1.20.2-R0.1-SNAPSHOT.jar:3919-Spigot-dba3cdc-e42510b]
	at net.minecraft.server.dedicated.DedicatedServer.e(DedicatedServer.java:250) ~[spigot-1.20.2-R0.1-SNAPSHOT.jar:3919-Spigot-dba3cdc-e42510b]
	at net.minecraft.server.MinecraftServer.w(MinecraftServer.java:954) ~[spigot-1.20.2-R0.1-SNAPSHOT.jar:3919-Spigot-dba3cdc-e42510b]
	at net.minecraft.server.MinecraftServer.lambda$0(MinecraftServer.java:298) ~[spigot-1.20.2-R0.1-SNAPSHOT.jar:3919-Spigot-dba3cdc-e42510b]
	at java.lang.Thread.run(Thread.java:1583) ~[?:?]
[08:39:26] [Server thread/INFO]: [ViaVersion] ViaVersion detected server version: 1.20.2 (764)
[08:39:26] [Server thread/INFO]: [ViaBackwards] Enabling ViaBackwards v4.8.1
[08:39:26] [Server thread/INFO]: Server permissions file permissions.yml is empty, ignoring it
[08:39:26] [Server thread/INFO]: Done (126.037s)! For help, type "help"
[08:39:26] [Craft Scheduler Thread - 1/INFO]: [ViaVersion] Finished mapping loading, shutting down loader executor!
[08:39:28] [Server thread/INFO]: CONSOLE: [0;31;1mPlease note that this command is not supported and may cause issues when using some plugins.[m
[08:39:28] [Server thread/INFO]: CONSOLE: [0;31;1mIf you encounter any issues please use the /stop command to restart your server.[m
[08:39:28] [Server thread/INFO]: Server Ping Player Sample Count: 12
[08:39:28] [Server thread/INFO]: Using 4 threads for Netty based IO
[08:39:28] [Server thread/INFO]: Debug logging is disabled
[08:39:28] [Server thread/INFO]: -------- World Settings For [world] --------
[08:39:28] [Server thread/INFO]: View Distance: 10
[08:39:28] [Server thread/INFO]: Simulation Distance: 10
[08:39:28] [Server thread/INFO]: Item Despawn Rate: 6000
[08:39:28] [Server thread/INFO]: Item Merge Radius: 2.5
[08:39:28] [Server thread/INFO]: Allow Zombie Pigmen to spawn from portal blocks: true
[08:39:28] [Server thread/INFO]: Arrow Despawn Rate: 1200 Trident Respawn Rate:1200
[08:39:28] [Server thread/INFO]: Zombie Aggressive Towards Villager: true
[08:39:28] [Server thread/INFO]: Nerfing mobs spawned from spawners: false
[08:39:28] [Server thread/INFO]: Experience Merge Radius: 3.0
[08:39:28] [Server thread/INFO]: Mob Spawn Range: 6
[08:39:28] [Server thread/INFO]: Custom Map Seeds:  Village: 10387312 Desert: 14357617 Igloo: 14357618 Jungle: 14357619 Swamp: 14357620 Monument: 10387313 Ocean: 14357621 Shipwreck: 165745295 End City: 10387313 Slime: 987234911 Nether: 30084232 Mansion: 10387319 Fossil: 14357921 Portal: 34222645
[08:39:28] [Server thread/INFO]: Max TNT Explosions: 100
[08:39:28] [Server thread/INFO]: Tile Max Tick Time: 50ms Entity max Tick Time: 50ms
[08:39:28] [Server thread/INFO]: Cactus Growth Modifier: 100%
[08:39:28] [Server thread/INFO]: Cane Growth Modifier: 100%
[08:39:28] [Server thread/INFO]: Melon Growth Modifier: 100%
[08:39:28] [Server thread/INFO]: Mushroom Growth Modifier: 100%
[08:39:28] [Server thread/INFO]: Pumpkin Growth Modifier: 100%
[08:39:28] [Server thread/INFO]: Sapling Growth Modifier: 100%
[08:39:28] [Server thread/INFO]: Beetroot Growth Modifier: 100%
[08:39:28] [Server thread/INFO]: Carrot Growth Modifier: 100%
[08:39:28] [Server thread/INFO]: Potato Growth Modifier: 100%
[08:39:28] [Server thread/INFO]: Wheat Growth Modifier: 100%
[08:39:28] [Server thread/INFO]: NetherWart Growth Modifier: 100%
[08:39:28] [Server thread/INFO]: Vine Growth Modifier: 100%
[08:39:28] [Server thread/INFO]: Cocoa Growth Modifier: 100%
[08:39:28] [Server thread/INFO]: Bamboo Growth Modifier: 100%
[08:39:28] [Server thread/INFO]: SweetBerry Growth Modifier: 100%
[08:39:28] [Server thread/INFO]: Kelp Growth Modifier: 100%
[08:39:28] [Server thread/INFO]: TwistingVines Growth Modifier: 100%
[08:39:28] [Server thread/INFO]: WeepingVines Growth Modifier: 100%
[08:39:28] [Server thread/INFO]: CaveVines Growth Modifier: 100%
[08:39:28] [Server thread/INFO]: Entity Activation Range: An 32 / Mo 32 / Ra 48 / Mi 16 / Tiv true / Isa false
[08:39:28] [Server thread/INFO]: Entity Tracking Range: Pl 48 / An 48 / Mo 48 / Mi 32 / Di 128 / Other 64
[08:39:28] [Server thread/INFO]: Hopper Transfer: 8 Hopper Check: 1 Hopper Amount: 1 Hopper Can Load Chunks: false
[08:39:28] [Server thread/INFO]: -------- World Settings For [world_nether] --------
[08:39:28] [Server thread/INFO]: View Distance: 10
[08:39:28] [Server thread/INFO]: Simulation Distance: 10
[08:39:28] [Server thread/INFO]: Item Despawn Rate: 6000
[08:39:28] [Server thread/INFO]: Item Merge Radius: 2.5
[08:39:28] [Server thread/INFO]: Allow Zombie Pigmen to spawn from portal blocks: true
[08:39:28] [Server thread/INFO]: Arrow Despawn Rate: 1200 Trident Respawn Rate:1200
[08:39:28] [Server thread/INFO]: Zombie Aggressive Towards Villager: true
[08:39:28] [Server thread/INFO]: Nerfing mobs spawned from spawners: false
[08:39:28] [Server thread/INFO]: Experience Merge Radius: 3.0
[08:39:28] [Server thread/INFO]: Mob Spawn Range: 6
[08:39:28] [Server thread/INFO]: Custom Map Seeds:  Village: 10387312 Desert: 14357617 Igloo: 14357618 Jungle: 14357619 Swamp: 14357620 Monument: 10387313 Ocean: 14357621 Shipwreck: 165745295 End City: 10387313 Slime: 987234911 Nether: 30084232 Mansion: 10387319 Fossil: 14357921 Portal: 34222645
[08:39:28] [Server thread/INFO]: Max TNT Explosions: 100
[08:39:28] [Server thread/INFO]: Tile Max Tick Time: 50ms Entity max Tick Time: 50ms
[08:39:28] [Server thread/INFO]: Cactus Growth Modifier: 100%
[08:39:28] [Server thread/INFO]: Cane Growth Modifier: 100%
[08:39:28] [Server thread/INFO]: Melon Growth Modifier: 100%
[08:39:28] [Server thread/INFO]: Mushroom Growth Modifier: 100%
[08:39:28] [Server thread/INFO]: Pumpkin Growth Modifier: 100%
[08:39:28] [Server thread/INFO]: Sapling Growth Modifier: 100%
[08:39:28] [Server thread/INFO]: Beetroot Growth Modifier: 100%
[08:39:28] [Server thread/INFO]: Carrot Growth Modifier: 100%
[08:39:28] [Server thread/INFO]: Potato Growth Modifier: 100%
[08:39:28] [Server thread/INFO]: Wheat Growth Modifier: 100%
[08:39:28] [Server thread/INFO]: NetherWart Growth Modifier: 100%
[08:39:28] [Server thread/INFO]: Vine Growth Modifier: 100%
[08:39:28] [Server thread/INFO]: Cocoa Growth Modifier: 100%
[08:39:28] [Server thread/INFO]: Bamboo Growth Modifier: 100%
[08:39:28] [Server thread/INFO]: SweetBerry Growth Modifier: 100%
[08:39:28] [Server thread/INFO]: Kelp Growth Modifier: 100%
[08:39:28] [Server thread/INFO]: TwistingVines Growth Modifier: 100%
[08:39:28] [Server thread/INFO]: WeepingVines Growth Modifier: 100%
[08:39:28] [Server thread/INFO]: CaveVines Growth Modifier: 100%
[08:39:28] [Server thread/INFO]: Entity Activation Range: An 32 / Mo 32 / Ra 48 / Mi 16 / Tiv true / Isa false
[08:39:28] [Server thread/INFO]: Entity Tracking Range: Pl 48 / An 48 / Mo 48 / Mi 32 / Di 128 / Other 64
[08:39:28] [Server thread/INFO]: Hopper Transfer: 8 Hopper Check: 1 Hopper Amount: 1 Hopper Can Load Chunks: false
[08:39:28] [Server thread/INFO]: -------- World Settings For [world_the_end] --------
[08:39:28] [Server thread/INFO]: View Distance: 10
[08:39:28] [Server thread/INFO]: Simulation Distance: 10
[08:39:28] [Server thread/INFO]: Item Despawn Rate: 6000
[08:39:28] [Server thread/INFO]: Item Merge Radius: 2.5
[08:39:28] [Server thread/INFO]: Allow Zombie Pigmen to spawn from portal blocks: true
[08:39:28] [Server thread/INFO]: Arrow Despawn Rate: 1200 Trident Respawn Rate:1200
[08:39:28] [Server thread/INFO]: Zombie Aggressive Towards Villager: true
[08:39:28] [Server thread/INFO]: Nerfing mobs spawned from spawners: false
[08:39:28] [Server thread/INFO]: Experience Merge Radius: 3.0
[08:39:28] [Server thread/INFO]: Mob Spawn Range: 6
[08:39:28] [Server thread/INFO]: Custom Map Seeds:  Village: 10387312 Desert: 14357617 Igloo: 14357618 Jungle: 14357619 Swamp: 14357620 Monument: 10387313 Ocean: 14357621 Shipwreck: 165745295 End City: 10387313 Slime: 987234911 Nether: 30084232 Mansion: 10387319 Fossil: 14357921 Portal: 34222645
[08:39:28] [Server thread/INFO]: Max TNT Explosions: 100
[08:39:28] [Server thread/INFO]: Tile Max Tick Time: 50ms Entity max Tick Time: 50ms
[08:39:28] [Server thread/INFO]: Cactus Growth Modifier: 100%
[08:39:28] [Server thread/INFO]: Cane Growth Modifier: 100%
[08:39:28] [Server thread/INFO]: Melon Growth Modifier: 100%
[08:39:28] [Server thread/INFO]: Mushroom Growth Modifier: 100%
[08:39:28] [Server thread/INFO]: Pumpkin Growth Modifier: 100%
[08:39:28] [Server thread/INFO]: Sapling Growth Modifier: 100%
[08:39:28] [Server thread/INFO]: Beetroot Growth Modifier: 100%
[08:39:28] [Server thread/INFO]: Carrot Growth Modifier: 100%
[08:39:28] [Server thread/INFO]: Potato Growth Modifier: 100%
[08:39:28] [Server thread/INFO]: Wheat Growth Modifier: 100%
[08:39:28] [Server thread/INFO]: NetherWart Growth Modifier: 100%
[08:39:28] [Server thread/INFO]: Vine Growth Modifier: 100%
[08:39:28] [Server thread/INFO]: Cocoa Growth Modifier: 100%
[08:39:28] [Server thread/INFO]: Bamboo Growth Modifier: 100%
[08:39:28] [Server thread/INFO]: SweetBerry Growth Modifier: 100%
[08:39:28] [Server thread/INFO]: Kelp Growth Modifier: 100%
[08:39:28] [Server thread/INFO]: TwistingVines Growth Modifier: 100%
[08:39:28] [Server thread/INFO]: WeepingVines Growth Modifier: 100%
[08:39:28] [Server thread/INFO]: CaveVines Growth Modifier: 100%
[08:39:28] [Server thread/INFO]: Entity Activation Range: An 32 / Mo 32 / Ra 48 / Mi 16 / Tiv true / Isa false
[08:39:28] [Server thread/INFO]: Entity Tracking Range: Pl 48 / An 48 / Mo 48 / Mi 32 / Di 128 / Other 64
[08:39:28] [Server thread/INFO]: Hopper Transfer: 8 Hopper Check: 1 Hopper Amount: 1 Hopper Can Load Chunks: false
[08:39:28] [Server thread/INFO]: [ViaBackwards] Disabling ViaBackwards v4.8.1
[08:39:28] [Server thread/INFO]: [ViaVersion] Disabling ViaVersion v4.8.1
[08:39:28] [Server thread/INFO]: [ViaVersion] ViaVersion is disabling, if this is a reload and you experience issues consider rebooting.
[08:39:29] [Server thread/INFO]: Loaded 7 recipes
[08:39:30] [Server thread/ERROR]: Could not load 'plugins/via.jar' in folder 'plugins'
org.bukkit.plugin.InvalidDescriptionException: Invalid plugin.yml
	at org.bukkit.plugin.java.JavaPluginLoader.getPluginDescription(JavaPluginLoader.java:170) ~[spigot-api-1.20.2-R0.1-SNAPSHOT.jar:?]
	at org.bukkit.plugin.SimplePluginManager.loadPlugins(SimplePluginManager.java:144) ~[spigot-api-1.20.2-R0.1-SNAPSHOT.jar:?]
	at org.bukkit.craftbukkit.v1_20_R2.CraftServer.loadPlugins(CraftServer.java:437) ~[spigot-1.20.2-R0.1-SNAPSHOT.jar:3919-Spigot-dba3cdc-e42510b]
	at org.bukkit.craftbukkit.v1_20_R2.CraftServer.reload(CraftServer.java:968) ~[spigot-1.20.2-R0.1-SNAPSHOT.jar:3919-Spigot-dba3cdc-e42510b]
	at org.bukkit.Bukkit.reload(Bukkit.java:833) ~[spigot-api-1.20.2-R0.1-SNAPSHOT.jar:?]
	at org.bukkit.command.defaults.ReloadCommand.execute(ReloadCommand.java:27) ~[spigot-api-1.20.2-R0.1-SNAPSHOT.jar:?]
	at org.bukkit.command.SimpleCommandMap.dispatch(SimpleCommandMap.java:149) ~[spigot-api-1.20.2-R0.1-SNAPSHOT.jar:?]
	at org.bukkit.craftbukkit.v1_20_R2.CraftServer.dispatchCommand(CraftServer.java:879) ~[spigot-1.20.2-R0.1-SNAPSHOT.jar:3919-Spigot-dba3cdc-e42510b]
	at org.bukkit.craftbukkit.v1_20_R2.CraftServer.dispatchServerCommand(CraftServer.java:864) ~[spigot-1.20.2-R0.1-SNAPSHOT.jar:3919-Spigot-dba3cdc-e42510b]
	at net.minecraft.server.dedicated.DedicatedServer.bf(DedicatedServer.java:412) ~[spigot-1.20.2-R0.1-SNAPSHOT.jar:3919-Spigot-dba3cdc-e42510b]
	at net.minecraft.server.dedicated.DedicatedServer.b(DedicatedServer.java:388) ~[spigot-1.20.2-R0.1-SNAPSHOT.jar:3919-Spigot-dba3cdc-e42510b]
	at net.minecraft.server.MinecraftServer.a(MinecraftServer.java:1179) ~[spigot-1.20.2-R0.1-SNAPSHOT.jar:3919-Spigot-dba3cdc-e42510b]
	at net.minecraft.server.MinecraftServer.w(MinecraftServer.java:996) ~[spigot-1.20.2-R0.1-SNAPSHOT.jar:3919-Spigot-dba3cdc-e42510b]
	at net.minecraft.server.MinecraftServer.lambda$0(MinecraftServer.java:298) ~[spigot-1.20.2-R0.1-SNAPSHOT.jar:3919-Spigot-dba3cdc-e42510b]
	at java.lang.Thread.run(Thread.java:1583) ~[?:?]
Caused by: java.io.FileNotFoundException: Jar does not contain plugin.yml
	... 15 more
[08:39:30] [Server thread/INFO]: [ViaVersion] Loading ViaVersion v4.8.1
[08:39:30] [Server thread/INFO]: [ViaVersion] ViaVersion 4.8.1 is now loaded. Registering protocol transformers and injecting...
[08:39:30] [Server thread/ERROR]: [ViaVersion] ViaVersion is already loaded, this should work fine. If you get any console errors, try rebooting.
[08:39:30] [Via-Mappingloader-0/INFO]: [ViaVersion] Loading block connection mappings ...
[08:39:31] [Server thread/INFO]: [ViaBackwards] Loading translations...
[08:39:31] [Server thread/INFO]: [ViaBackwards] Registering protocols...
[08:39:31] [Via-Mappingloader-0/INFO]: [ViaVersion] Using FastUtil Long2ObjectOpenHashMap for block connections
[08:39:32] [Server thread/INFO]: [ViaBackwards] Loading ViaBackwards v4.8.1
[08:39:32] [Server thread/INFO]: [ViaVersion] Enabling ViaVersion v4.8.1
[08:39:32] [Server thread/WARN]: [ViaVersion] Couldn't find reflection methods/fields to access Channel from player.
Login race condition fixer will be disabled.
 Some plugins that use ViaAPI on join event may work incorrectly.
java.lang.NoSuchFieldException: NetworkManager
	at com.viaversion.viaversion.bukkit.listeners.JoinListener.findField(JoinListener.java:80) ~[?:?]
	at com.viaversion.viaversion.bukkit.listeners.JoinListener.<clinit>(JoinListener.java:50) ~[?:?]
	at com.viaversion.viaversion.ViaVersionPlugin.onEnable(ViaVersionPlugin.java:109) ~[?:?]
	at org.bukkit.plugin.java.JavaPlugin.setEnabled(JavaPlugin.java:266) ~[spigot-api-1.20.2-R0.1-SNAPSHOT.jar:?]
	at org.bukkit.plugin.java.JavaPluginLoader.enablePlugin(JavaPluginLoader.java:342) ~[spigot-api-1.20.2-R0.1-SNAPSHOT.jar:?]
	at org.bukkit.plugin.SimplePluginManager.enablePlugin(SimplePluginManager.java:480) ~[spigot-api-1.20.2-R0.1-SNAPSHOT.jar:?]
	at org.bukkit.craftbukkit.v1_20_R2.CraftServer.enablePlugin(CraftServer.java:548) ~[spigot-1.20.2-R0.1-SNAPSHOT.jar:3919-Spigot-dba3cdc-e42510b]
	at org.bukkit.craftbukkit.v1_20_R2.CraftServer.enablePlugins(CraftServer.java:462) ~[spigot-1.20.2-R0.1-SNAPSHOT.jar:3919-Spigot-dba3cdc-e42510b]
	at org.bukkit.craftbukkit.v1_20_R2.CraftServer.reload(CraftServer.java:970) ~[spigot-1.20.2-R0.1-SNAPSHOT.jar:3919-Spigot-dba3cdc-e42510b]
	at org.bukkit.Bukkit.reload(Bukkit.java:833) ~[spigot-api-1.20.2-R0.1-SNAPSHOT.jar:?]
	at org.bukkit.command.defaults.ReloadCommand.execute(ReloadCommand.java:27) ~[spigot-api-1.20.2-R0.1-SNAPSHOT.jar:?]
	at org.bukkit.command.SimpleCommandMap.dispatch(SimpleCommandMap.java:149) ~[spigot-api-1.20.2-R0.1-SNAPSHOT.jar:?]
	at org.bukkit.craftbukkit.v1_20_R2.CraftServer.dispatchCommand(CraftServer.java:879) ~[spigot-1.20.2-R0.1-SNAPSHOT.jar:3919-Spigot-dba3cdc-e42510b]
	at org.bukkit.craftbukkit.v1_20_R2.CraftServer.dispatchServerCommand(CraftServer.java:864) ~[spigot-1.20.2-R0.1-SNAPSHOT.jar:3919-Spigot-dba3cdc-e42510b]
	at net.minecraft.server.dedicated.DedicatedServer.bf(DedicatedServer.java:412) ~[spigot-1.20.2-R0.1-SNAPSHOT.jar:3919-Spigot-dba3cdc-e42510b]
	at net.minecraft.server.dedicated.DedicatedServer.b(DedicatedServer.java:388) ~[spigot-1.20.2-R0.1-SNAPSHOT.jar:3919-Spigot-dba3cdc-e42510b]
	at net.minecraft.server.MinecraftServer.a(MinecraftServer.java:1179) ~[spigot-1.20.2-R0.1-SNAPSHOT.jar:3919-Spigot-dba3cdc-e42510b]
	at net.minecraft.server.MinecraftServer.w(MinecraftServer.java:996) ~[spigot-1.20.2-R0.1-SNAPSHOT.jar:3919-Spigot-dba3cdc-e42510b]
	at net.minecraft.server.MinecraftServer.lambda$0(MinecraftServer.java:298) ~[spigot-1.20.2-R0.1-SNAPSHOT.jar:3919-Spigot-dba3cdc-e42510b]
	at java.lang.Thread.run(Thread.java:1583) ~[?:?]
[08:39:32] [Server thread/INFO]: [ViaVersion] ViaVersion detected server version: 1.20.2 (764)
[08:39:32] [Server thread/INFO]: [ViaBackwards] Enabling ViaBackwards v4.8.1
[08:39:32] [Server thread/INFO]: Server permissions file permissions.yml is empty, ignoring it
[08:39:32] [Server thread/INFO]: CONSOLE: [0;32;1mReload complete.[m
[08:39:32] [Server thread/INFO]: [Not Secure] [Server] 1
[08:39:32] [Server thread/WARN]: Can't keep up! Is the server overloaded? Running 5401ms or 108 ticks behind
[08:39:32] [Craft Scheduler Thread - 1/INFO]: [ViaVersion] Finished mapping loading, shutting down loader executor!
[08:39:32] [Server thread/WARN]: [ViaVersion] There is a newer plugin version available: 4.9.2, you're on: 4.8.1
[08:39:40] [Server thread/INFO]: CONSOLE: [0;31;1mPlease note that this command is not supported and may cause issues when using some plugins.[m
[08:39:40] [Server thread/INFO]: CONSOLE: [0;31;1mIf you encounter any issues please use the /stop command to restart your server.[m
[08:39:40] [Server thread/INFO]: Server Ping Player Sample Count: 12
[08:39:40] [Server thread/INFO]: Using 4 threads for Netty based IO
[08:39:40] [Server thread/INFO]: Debug logging is disabled
[08:39:40] [Server thread/INFO]: -------- World Settings For [world] --------
[08:39:40] [Server thread/INFO]: View Distance: 10
[08:39:40] [Server thread/INFO]: Simulation Distance: 10
[08:39:40] [Server thread/INFO]: Item Despawn Rate: 6000
[08:39:40] [Server thread/INFO]: Item Merge Radius: 2.5
[08:39:40] [Server thread/INFO]: Allow Zombie Pigmen to spawn from portal blocks: true
[08:39:40] [Server thread/INFO]: Arrow Despawn Rate: 1200 Trident Respawn Rate:1200
[08:39:40] [Server thread/INFO]: Zombie Aggressive Towards Villager: true
[08:39:40] [Server thread/INFO]: Nerfing mobs spawned from spawners: false
[08:39:40] [Server thread/INFO]: Experience Merge Radius: 3.0
[08:39:40] [Server thread/INFO]: Mob Spawn Range: 6
[08:39:40] [Server thread/INFO]: Custom Map Seeds:  Village: 10387312 Desert: 14357617 Igloo: 14357618 Jungle: 14357619 Swamp: 14357620 Monument: 10387313 Ocean: 14357621 Shipwreck: 165745295 End City: 10387313 Slime: 987234911 Nether: 30084232 Mansion: 10387319 Fossil: 14357921 Portal: 34222645
[08:39:40] [Server thread/INFO]: Max TNT Explosions: 100
[08:39:40] [Server thread/INFO]: Tile Max Tick Time: 50ms Entity max Tick Time: 50ms
[08:39:40] [Server thread/INFO]: Cactus Growth Modifier: 100%
[08:39:40] [Server thread/INFO]: Cane Growth Modifier: 100%
[08:39:40] [Server thread/INFO]: Melon Growth Modifier: 100%
[08:39:40] [Server thread/INFO]: Mushroom Growth Modifier: 100%
[08:39:40] [Server thread/INFO]: Pumpkin Growth Modifier: 100%
[08:39:40] [Server thread/INFO]: Sapling Growth Modifier: 100%
[08:39:40] [Server thread/INFO]: Beetroot Growth Modifier: 100%
[08:39:40] [Server thread/INFO]: Carrot Growth Modifier: 100%
[08:39:40] [Server thread/INFO]: Potato Growth Modifier: 100%
[08:39:40] [Server thread/INFO]: Wheat Growth Modifier: 100%
[08:39:40] [Server thread/INFO]: NetherWart Growth Modifier: 100%
[08:39:40] [Server thread/INFO]: Vine Growth Modifier: 100%
[08:39:40] [Server thread/INFO]: Cocoa Growth Modifier: 100%
[08:39:40] [Server thread/INFO]: Bamboo Growth Modifier: 100%
[08:39:40] [Server thread/INFO]: SweetBerry Growth Modifier: 100%
[08:39:40] [Server thread/INFO]: Kelp Growth Modifier: 100%
[08:39:40] [Server thread/INFO]: TwistingVines Growth Modifier: 100%
[08:39:40] [Server thread/INFO]: WeepingVines Growth Modifier: 100%
[08:39:40] [Server thread/INFO]: CaveVines Growth Modifier: 100%
[08:39:40] [Server thread/INFO]: Entity Activation Range: An 32 / Mo 32 / Ra 48 / Mi 16 / Tiv true / Isa false
[08:39:40] [Server thread/INFO]: Entity Tracking Range: Pl 48 / An 48 / Mo 48 / Mi 32 / Di 128 / Other 64
[08:39:40] [Server thread/INFO]: Hopper Transfer: 8 Hopper Check: 1 Hopper Amount: 1 Hopper Can Load Chunks: false
[08:39:40] [Server thread/INFO]: -------- World Settings For [world_nether] --------
[08:39:40] [Server thread/INFO]: View Distance: 10
[08:39:40] [Server thread/INFO]: Simulation Distance: 10
[08:39:40] [Server thread/INFO]: Item Despawn Rate: 6000
[08:39:40] [Server thread/INFO]: Item Merge Radius: 2.5
[08:39:40] [Server thread/INFO]: Allow Zombie Pigmen to spawn from portal blocks: true
[08:39:40] [Server thread/INFO]: Arrow Despawn Rate: 1200 Trident Respawn Rate:1200
[08:39:40] [Server thread/INFO]: Zombie Aggressive Towards Villager: true
[08:39:40] [Server thread/INFO]: Nerfing mobs spawned from spawners: false
[08:39:40] [Server thread/INFO]: Experience Merge Radius: 3.0
[08:39:40] [Server thread/INFO]: Mob Spawn Range: 6
[08:39:40] [Server thread/INFO]: Custom Map Seeds:  Village: 10387312 Desert: 14357617 Igloo: 14357618 Jungle: 14357619 Swamp: 14357620 Monument: 10387313 Ocean: 14357621 Shipwreck: 165745295 End City: 10387313 Slime: 987234911 Nether: 30084232 Mansion: 10387319 Fossil: 14357921 Portal: 34222645
[08:39:40] [Server thread/INFO]: Max TNT Explosions: 100
[08:39:40] [Server thread/INFO]: Tile Max Tick Time: 50ms Entity max Tick Time: 50ms
[08:39:40] [Server thread/INFO]: Cactus Growth Modifier: 100%
[08:39:40] [Server thread/INFO]: Cane Growth Modifier: 100%
[08:39:40] [Server thread/INFO]: Melon Growth Modifier: 100%
[08:39:40] [Server thread/INFO]: Mushroom Growth Modifier: 100%
[08:39:40] [Server thread/INFO]: Pumpkin Growth Modifier: 100%
[08:39:40] [Server thread/INFO]: Sapling Growth Modifier: 100%
[08:39:40] [Server thread/INFO]: Beetroot Growth Modifier: 100%
[08:39:40] [Server thread/INFO]: Carrot Growth Modifier: 100%
[08:39:40] [Server thread/INFO]: Potato Growth Modifier: 100%
[08:39:40] [Server thread/INFO]: Wheat Growth Modifier: 100%
[08:39:40] [Server thread/INFO]: NetherWart Growth Modifier: 100%
[08:39:40] [Server thread/INFO]: Vine Growth Modifier: 100%
[08:39:40] [Server thread/INFO]: Cocoa Growth Modifier: 100%
[08:39:40] [Server thread/INFO]: Bamboo Growth Modifier: 100%
[08:39:40] [Server thread/INFO]: SweetBerry Growth Modifier: 100%
[08:39:40] [Server thread/INFO]: Kelp Growth Modifier: 100%
[08:39:40] [Server thread/INFO]: TwistingVines Growth Modifier: 100%
[08:39:40] [Server thread/INFO]: WeepingVines Growth Modifier: 100%
[08:39:40] [Server thread/INFO]: CaveVines Growth Modifier: 100%
[08:39:40] [Server thread/INFO]: Entity Activation Range: An 32 / Mo 32 / Ra 48 / Mi 16 / Tiv true / Isa false
[08:39:40] [Server thread/INFO]: Entity Tracking Range: Pl 48 / An 48 / Mo 48 / Mi 32 / Di 128 / Other 64
[08:39:40] [Server thread/INFO]: Hopper Transfer: 8 Hopper Check: 1 Hopper Amount: 1 Hopper Can Load Chunks: false
[08:39:40] [Server thread/INFO]: -------- World Settings For [world_the_end] --------
[08:39:40] [Server thread/INFO]: View Distance: 10
[08:39:40] [Server thread/INFO]: Simulation Distance: 10
[08:39:40] [Server thread/INFO]: Item Despawn Rate: 6000
[08:39:40] [Server thread/INFO]: Item Merge Radius: 2.5
[08:39:40] [Server thread/INFO]: Allow Zombie Pigmen to spawn from portal blocks: true
[08:39:40] [Server thread/INFO]: Arrow Despawn Rate: 1200 Trident Respawn Rate:1200
[08:39:40] [Server thread/INFO]: Zombie Aggressive Towards Villager: true
[08:39:40] [Server thread/INFO]: Nerfing mobs spawned from spawners: false
[08:39:40] [Server thread/INFO]: Experience Merge Radius: 3.0
[08:39:40] [Server thread/INFO]: Mob Spawn Range: 6
[08:39:40] [Server thread/INFO]: Custom Map Seeds:  Village: 10387312 Desert: 14357617 Igloo: 14357618 Jungle: 14357619 Swamp: 14357620 Monument: 10387313 Ocean: 14357621 Shipwreck: 165745295 End City: 10387313 Slime: 987234911 Nether: 30084232 Mansion: 10387319 Fossil: 14357921 Portal: 34222645
[08:39:40] [Server thread/INFO]: Max TNT Explosions: 100
[08:39:40] [Server thread/INFO]: Tile Max Tick Time: 50ms Entity max Tick Time: 50ms
[08:39:40] [Server thread/INFO]: Cactus Growth Modifier: 100%
[08:39:40] [Server thread/INFO]: Cane Growth Modifier: 100%
[08:39:40] [Server thread/INFO]: Melon Growth Modifier: 100%
[08:39:40] [Server thread/INFO]: Mushroom Growth Modifier: 100%
[08:39:40] [Server thread/INFO]: Pumpkin Growth Modifier: 100%
[08:39:40] [Server thread/INFO]: Sapling Growth Modifier: 100%
[08:39:40] [Server thread/INFO]: Beetroot Growth Modifier: 100%
[08:39:40] [Server thread/INFO]: Carrot Growth Modifier: 100%
[08:39:40] [Server thread/INFO]: Potato Growth Modifier: 100%
[08:39:40] [Server thread/INFO]: Wheat Growth Modifier: 100%
[08:39:40] [Server thread/INFO]: NetherWart Growth Modifier: 100%
[08:39:40] [Server thread/INFO]: Vine Growth Modifier: 100%
[08:39:40] [Server thread/INFO]: Cocoa Growth Modifier: 100%
[08:39:40] [Server thread/INFO]: Bamboo Growth Modifier: 100%
[08:39:40] [Server thread/INFO]: SweetBerry Growth Modifier: 100%
[08:39:40] [Server thread/INFO]: Kelp Growth Modifier: 100%
[08:39:40] [Server thread/INFO]: TwistingVines Growth Modifier: 100%
[08:39:40] [Server thread/INFO]: WeepingVines Growth Modifier: 100%
[08:39:40] [Server thread/INFO]: CaveVines Growth Modifier: 100%
[08:39:40] [Server thread/INFO]: Entity Activation Range: An 32 / Mo 32 / Ra 48 / Mi 16 / Tiv true / Isa false
[08:39:40] [Server thread/INFO]: Entity Tracking Range: Pl 48 / An 48 / Mo 48 / Mi 32 / Di 128 / Other 64
[08:39:40] [Server thread/INFO]: Hopper Transfer: 8 Hopper Check: 1 Hopper Amount: 1 Hopper Can Load Chunks: false
[08:39:40] [Server thread/INFO]: [ViaBackwards] Disabling ViaBackwards v4.8.1
[08:39:40] [Server thread/INFO]: [ViaVersion] Disabling ViaVersion v4.8.1
[08:39:40] [Server thread/INFO]: [ViaVersion] ViaVersion is disabling, if this is a reload and you experience issues consider rebooting.
[08:39:40] [Server thread/INFO]: Loaded 7 recipes
[08:39:41] [Server thread/ERROR]: Could not load 'plugins/via.jar' in folder 'plugins'
org.bukkit.plugin.InvalidDescriptionException: Invalid plugin.yml
	at org.bukkit.plugin.java.JavaPluginLoader.getPluginDescription(JavaPluginLoader.java:170) ~[spigot-api-1.20.2-R0.1-SNAPSHOT.jar:?]
	at org.bukkit.plugin.SimplePluginManager.loadPlugins(SimplePluginManager.java:144) ~[spigot-api-1.20.2-R0.1-SNAPSHOT.jar:?]
	at org.bukkit.craftbukkit.v1_20_R2.CraftServer.loadPlugins(CraftServer.java:437) ~[spigot-1.20.2-R0.1-SNAPSHOT.jar:3919-Spigot-dba3cdc-e42510b]
	at org.bukkit.craftbukkit.v1_20_R2.CraftServer.reload(CraftServer.java:968) ~[spigot-1.20.2-R0.1-SNAPSHOT.jar:3919-Spigot-dba3cdc-e42510b]
	at org.bukkit.Bukkit.reload(Bukkit.java:833) ~[spigot-api-1.20.2-R0.1-SNAPSHOT.jar:?]
	at org.bukkit.command.defaults.ReloadCommand.execute(ReloadCommand.java:27) ~[spigot-api-1.20.2-R0.1-SNAPSHOT.jar:?]
	at org.bukkit.command.SimpleCommandMap.dispatch(SimpleCommandMap.java:149) ~[spigot-api-1.20.2-R0.1-SNAPSHOT.jar:?]
	at org.bukkit.craftbukkit.v1_20_R2.CraftServer.dispatchCommand(CraftServer.java:879) ~[spigot-1.20.2-R0.1-SNAPSHOT.jar:3919-Spigot-dba3cdc-e42510b]
	at org.bukkit.craftbukkit.v1_20_R2.CraftServer.dispatchServerCommand(CraftServer.java:864) ~[spigot-1.20.2-R0.1-SNAPSHOT.jar:3919-Spigot-dba3cdc-e42510b]
	at net.minecraft.server.dedicated.DedicatedServer.bf(DedicatedServer.java:412) ~[spigot-1.20.2-R0.1-SNAPSHOT.jar:3919-Spigot-dba3cdc-e42510b]
	at net.minecraft.server.dedicated.DedicatedServer.b(DedicatedServer.java:388) ~[spigot-1.20.2-R0.1-SNAPSHOT.jar:3919-Spigot-dba3cdc-e42510b]
	at net.minecraft.server.MinecraftServer.a(MinecraftServer.java:1179) ~[spigot-1.20.2-R0.1-SNAPSHOT.jar:3919-Spigot-dba3cdc-e42510b]
	at net.minecraft.server.MinecraftServer.w(MinecraftServer.java:996) ~[spigot-1.20.2-R0.1-SNAPSHOT.jar:3919-Spigot-dba3cdc-e42510b]
	at net.minecraft.server.MinecraftServer.lambda$0(MinecraftServer.java:298) ~[spigot-1.20.2-R0.1-SNAPSHOT.jar:3919-Spigot-dba3cdc-e42510b]
	at java.lang.Thread.run(Thread.java:1583) ~[?:?]
Caused by: java.io.FileNotFoundException: Jar does not contain plugin.yml
	... 15 more
[08:39:41] [Server thread/INFO]: [ViaVersion] Loading ViaVersion v4.8.1
[08:39:41] [Server thread/INFO]: [ViaVersion] ViaVersion 4.8.1 is now loaded. Registering protocol transformers and injecting...
[08:39:41] [Server thread/ERROR]: [ViaVersion] ViaVersion is already loaded, this should work fine. If you get any console errors, try rebooting.
[08:39:41] [Via-Mappingloader-0/INFO]: [ViaVersion] Loading block connection mappings ...
[08:39:42] [Server thread/INFO]: [ViaBackwards] Loading translations...
[08:39:42] [Server thread/INFO]: [ViaBackwards] Registering protocols...
[08:39:42] [Via-Mappingloader-0/INFO]: [ViaVersion] Using FastUtil Long2ObjectOpenHashMap for block connections
[08:39:43] [Server thread/INFO]: [ViaBackwards] Loading ViaBackwards v4.8.1
[08:39:43] [Server thread/INFO]: [ViaVersion] Enabling ViaVersion v4.8.1
[08:39:43] [Server thread/WARN]: [ViaVersion] Couldn't find reflection methods/fields to access Channel from player.
Login race condition fixer will be disabled.
 Some plugins that use ViaAPI on join event may work incorrectly.
java.lang.NoSuchFieldException: NetworkManager
	at com.viaversion.viaversion.bukkit.listeners.JoinListener.findField(JoinListener.java:80) ~[?:?]
	at com.viaversion.viaversion.bukkit.listeners.JoinListener.<clinit>(JoinListener.java:50) ~[?:?]
	at com.viaversion.viaversion.ViaVersionPlugin.onEnable(ViaVersionPlugin.java:109) ~[?:?]
	at org.bukkit.plugin.java.JavaPlugin.setEnabled(JavaPlugin.java:266) ~[spigot-api-1.20.2-R0.1-SNAPSHOT.jar:?]
	at org.bukkit.plugin.java.JavaPluginLoader.enablePlugin(JavaPluginLoader.java:342) ~[spigot-api-1.20.2-R0.1-SNAPSHOT.jar:?]
	at org.bukkit.plugin.SimplePluginManager.enablePlugin(SimplePluginManager.java:480) ~[spigot-api-1.20.2-R0.1-SNAPSHOT.jar:?]
	at org.bukkit.craftbukkit.v1_20_R2.CraftServer.enablePlugin(CraftServer.java:548) ~[spigot-1.20.2-R0.1-SNAPSHOT.jar:3919-Spigot-dba3cdc-e42510b]
	at org.bukkit.craftbukkit.v1_20_R2.CraftServer.enablePlugins(CraftServer.java:462) ~[spigot-1.20.2-R0.1-SNAPSHOT.jar:3919-Spigot-dba3cdc-e42510b]
	at org.bukkit.craftbukkit.v1_20_R2.CraftServer.reload(CraftServer.java:970) ~[spigot-1.20.2-R0.1-SNAPSHOT.jar:3919-Spigot-dba3cdc-e42510b]
	at org.bukkit.Bukkit.reload(Bukkit.java:833) ~[spigot-api-1.20.2-R0.1-SNAPSHOT.jar:?]
	at org.bukkit.command.defaults.ReloadCommand.execute(ReloadCommand.java:27) ~[spigot-api-1.20.2-R0.1-SNAPSHOT.jar:?]
	at org.bukkit.command.SimpleCommandMap.dispatch(SimpleCommandMap.java:149) ~[spigot-api-1.20.2-R0.1-SNAPSHOT.jar:?]
	at org.bukkit.craftbukkit.v1_20_R2.CraftServer.dispatchCommand(CraftServer.java:879) ~[spigot-1.20.2-R0.1-SNAPSHOT.jar:3919-Spigot-dba3cdc-e42510b]
	at org.bukkit.craftbukkit.v1_20_R2.CraftServer.dispatchServerCommand(CraftServer.java:864) ~[spigot-1.20.2-R0.1-SNAPSHOT.jar:3919-Spigot-dba3cdc-e42510b]
	at net.minecraft.server.dedicated.DedicatedServer.bf(DedicatedServer.java:412) ~[spigot-1.20.2-R0.1-SNAPSHOT.jar:3919-Spigot-dba3cdc-e42510b]
	at net.minecraft.server.dedicated.DedicatedServer.b(DedicatedServer.java:388) ~[spigot-1.20.2-R0.1-SNAPSHOT.jar:3919-Spigot-dba3cdc-e42510b]
	at net.minecraft.server.MinecraftServer.a(MinecraftServer.java:1179) ~[spigot-1.20.2-R0.1-SNAPSHOT.jar:3919-Spigot-dba3cdc-e42510b]
	at net.minecraft.server.MinecraftServer.w(MinecraftServer.java:996) ~[spigot-1.20.2-R0.1-SNAPSHOT.jar:3919-Spigot-dba3cdc-e42510b]
	at net.minecraft.server.MinecraftServer.lambda$0(MinecraftServer.java:298) ~[spigot-1.20.2-R0.1-SNAPSHOT.jar:3919-Spigot-dba3cdc-e42510b]
	at java.lang.Thread.run(Thread.java:1583) ~[?:?]
[08:39:43] [Server thread/INFO]: [ViaVersion] ViaVersion detected server version: 1.20.2 (764)
[08:39:43] [Server thread/INFO]: [ViaBackwards] Enabling ViaBackwards v4.8.1
[08:39:43] [Server thread/INFO]: Server permissions file permissions.yml is empty, ignoring it
[08:39:43] [Server thread/INFO]: CONSOLE: [0;32;1mReload complete.[m
[08:39:43] [Craft Scheduler Thread - 1/INFO]: [ViaVersion] Finished mapping loading, shutting down loader executor!
[08:39:43] [Server thread/WARN]: [ViaVersion] There is a newer plugin version available: 4.9.2, you're on: 4.8.1
[08:39:49] [Server thread/INFO]: [Not Secure] [Server] 1
[08:39:52] [Server thread/INFO]: Unknown command. Type "/help" for help.[m
[08:39:58] [Server thread/INFO]: Stopping the server
[08:39:58] [Server thread/INFO]: Stopping server
[08:39:58] [Server thread/INFO]: [ViaBackwards] Disabling ViaBackwards v4.8.1
[08:39:58] [Server thread/INFO]: [ViaVersion] Disabling ViaVersion v4.8.1
[08:39:58] [Server thread/INFO]: [ViaVersion] ViaVersion is disabling, if this is a reload and you experience issues consider rebooting.
[08:39:58] [Server thread/INFO]: Saving players
[08:39:58] [Server thread/INFO]: Saving worlds
[08:40:02] [Server thread/INFO]: Saving chunks for level 'ServerLevel[world]'/minecraft:overworld
